<?xml version="1.0" encoding="UTF-8"?><testsuite errors="1" failures="0" name="I as a user want to do arithmetic calculation in the Calculadora desktop application" skipped="0" tests="1" time="13.92" timestamp="2020-06-24 02:37:27"><testcase name="sum of two numbers"><error message="Could not instantiate new WebDriver instance of type class io.appium.java_client.AppiumDriver (Unable to create a new remote session. Please check the server log for more details. Original error: Failed to locate opened application window with appId: C:/Windows/System32/calc.exe, and processId: 2532 (WARNING: The server did not provide any stacktrace information)&#10;Command duration or timeout: 6.58 seconds&#10;Build info: version: '3.141.59', revision: 'e82be7d358', time: '2018-11-14T08:17:03'&#10;System info: host: 'CHPAPDZX4Q12', ip: '192.168.100.11', os.name: 'Windows 10', os.arch: 'amd64', os.version: '10.0', java.version: '1.8.0_251'&#10;Driver info: driver.version: RemoteDriver&#10;Build info: version: '3.141.59', revision: 'e82be7d358', time: '2018-11-14T08:17:03'&#10;System info: host: 'CHPAPDZX4Q12', ip: '192.168.100.11', os.name: 'Windows 10', os.arch: 'amd64', os.version: '10.0', java.version: '1.8.0_251'&#10;Driver info: driver.version: RemoteDriver). See below for more details." type="net.thucydides.core.webdriver.DriverConfigurationError">Could not instantiate new WebDriver instance of type class io.appium.java_client.AppiumDriver (Unable to create a new remote session. Please check the server log for more details. Original error: Failed to locate opened application window with appId: C:/Windows/System32/calc.exe, and processId: 2532 (WARNING: The server did not provide any stacktrace information)
Command duration or timeout: 6.58 seconds
Build info: version: '3.141.59', revision: 'e82be7d358', time: '2018-11-14T08:17:03'
System info: host: 'CHPAPDZX4Q12', ip: '192.168.100.11', os.name: 'Windows 10', os.arch: 'amd64', os.version: '10.0', java.version: '1.8.0_251'
Driver info: driver.version: RemoteDriver
Build info: version: '3.141.59', revision: 'e82be7d358', time: '2018-11-14T08:17:03'
System info: host: 'CHPAPDZX4Q12', ip: '192.168.100.11', os.name: 'Windows 10', os.arch: 'amd64', os.version: '10.0', java.version: '1.8.0_251'
Driver info: driver.version: RemoteDriver). See below for more details.</error><system-err>Could not instantiate new WebDriver instance of type class io.appium.java_client.AppiumDriver (Unable to create a new remote session. Please check the server log for more details. Original error: Failed to locate opened application window with appId: C:/Windows/System32/calc.exe, and processId: 2532 (WARNING: The server did not provide any stacktrace information)
Command duration or timeout: 6.58 seconds
Build info: version: '3.141.59', revision: 'e82be7d358', time: '2018-11-14T08:17:03'
System info: host: 'CHPAPDZX4Q12', ip: '192.168.100.11', os.name: 'Windows 10', os.arch: 'amd64', os.version: '10.0', java.version: '1.8.0_251'
Driver info: driver.version: RemoteDriver
Build info: version: '3.141.59', revision: 'e82be7d358', time: '2018-11-14T08:17:03'
System info: host: 'CHPAPDZX4Q12', ip: '192.168.100.11', os.name: 'Windows 10', os.arch: 'amd64', os.version: '10.0', java.version: '1.8.0_251'
Driver info: driver.version: RemoteDriver). See below for more details.&#13;
co.com.choucair.winappdriver.flightgui.stepdefinitions.CalculadoraStepDefinitions.thatCarlosWantsToEnterTheCalculadoraDesktopApplication(CalculadoraStepDefinitions.java:21)&#13;
cucumber.runner.Runner.runPickle(Runner.java:80)&#13;
</system-err></testcase></testsuite>